<?xml version="1.0" encoding="UTF-8"?>
<!-- Generated by org.testng.reporters.JUnitXMLReporter -->
<testsuite hostname="AAGRAWA-IN-LE01" name="Samsung Grand" tests="13" failures="9" timestamp="21 Jun 2018 15:27:09 GMT" time="211.609" errors="0">
  <testcase name="PageObjectCreation" time="0.005" classname="com.Spending.Sanity.SanityTestcaseRun"/>
  <testcase name="TestCase001" time="36.001" classname="com.Spending.Sanity.SanityTestcaseRun"/>
  <testcase name="testCase002" time="13.692" classname="com.Spending.Sanity.SanityTestcaseRun"/>
  <testcase name="testCase003" time="55.408" classname="com.Spending.Sanity.SanityTestcaseRun"/>
  <testcase name="testCase004" time="59.848" classname="com.Spending.Sanity.SanityTestcaseRun">
    <failure type="java.lang.NullPointerException">
      <![CDATA[java.lang.NullPointerException
	at com.Spending.Sanity.SanityTestcaseRun.testCase004(SanityTestcaseRun.java:189)
	at java.util.concurrent.FutureTask.run(FutureTask.java:266)
	at java.util.concurrent.ThreadPoolExecutor.runWorker(ThreadPoolExecutor.java:1149)
	at java.util.concurrent.ThreadPoolExecutor$Worker.run(ThreadPoolExecutor.java:624)
	at java.lang.Thread.run(Thread.java:748)
... Removed 16 stack frames]]>
    </failure>
  </testcase> <!-- testCase004 -->
  <testcase name="testCase005" time="1.013" classname="com.Spending.Sanity.SanityTestcaseRun">
    <failure type="java.lang.NullPointerException">
      <![CDATA[java.lang.NullPointerException
	at com.Spending.Sanity.SanityTestcaseRun.testCase005(SanityTestcaseRun.java:204)
	at java.util.concurrent.FutureTask.run(FutureTask.java:266)
	at java.util.concurrent.ThreadPoolExecutor.runWorker(ThreadPoolExecutor.java:1149)
	at java.util.concurrent.ThreadPoolExecutor$Worker.run(ThreadPoolExecutor.java:624)
	at java.lang.Thread.run(Thread.java:748)
... Removed 16 stack frames]]>
    </failure>
  </testcase> <!-- testCase005 -->
  <testcase name="testCase006" time="0.468" classname="com.Spending.Sanity.SanityTestcaseRun">
    <failure type="java.lang.NullPointerException">
      <![CDATA[java.lang.NullPointerException
	at com.Spending.Sanity.SanityTestcaseRun.testCase006(SanityTestcaseRun.java:226)
	at java.util.concurrent.FutureTask.run(FutureTask.java:266)
	at java.util.concurrent.ThreadPoolExecutor.runWorker(ThreadPoolExecutor.java:1149)
	at java.util.concurrent.ThreadPoolExecutor$Worker.run(ThreadPoolExecutor.java:624)
	at java.lang.Thread.run(Thread.java:748)
... Removed 16 stack frames]]>
    </failure>
  </testcase> <!-- testCase006 -->
  <testcase name="testCase007" time="0.396" classname="com.Spending.Sanity.SanityTestcaseRun">
    <failure type="java.lang.NullPointerException">
      <![CDATA[java.lang.NullPointerException
	at com.Spending.Sanity.SanityTestcaseRun.testCase007(SanityTestcaseRun.java:248)
	at java.util.concurrent.FutureTask.run(FutureTask.java:266)
	at java.util.concurrent.ThreadPoolExecutor.runWorker(ThreadPoolExecutor.java:1149)
	at java.util.concurrent.ThreadPoolExecutor$Worker.run(ThreadPoolExecutor.java:624)
	at java.lang.Thread.run(Thread.java:748)
... Removed 16 stack frames]]>
    </failure>
  </testcase> <!-- testCase007 -->
  <testcase name="testCase008" time="0.494" classname="com.Spending.Sanity.SanityTestcaseRun">
    <failure type="java.lang.NullPointerException">
      <![CDATA[java.lang.NullPointerException
	at com.Spending.Sanity.SanityTestcaseRun.testCase008(SanityTestcaseRun.java:270)
	at java.util.concurrent.FutureTask.run(FutureTask.java:266)
	at java.util.concurrent.ThreadPoolExecutor.runWorker(ThreadPoolExecutor.java:1149)
	at java.util.concurrent.ThreadPoolExecutor$Worker.run(ThreadPoolExecutor.java:624)
	at java.lang.Thread.run(Thread.java:748)
... Removed 16 stack frames]]>
    </failure>
  </testcase> <!-- testCase008 -->
  <testcase name="testCase009" time="0.388" classname="com.Spending.Sanity.SanityTestcaseRun">
    <failure type="java.lang.NullPointerException">
      <![CDATA[java.lang.NullPointerException
	at com.Spending.Sanity.SanityTestcaseRun.testCase009(SanityTestcaseRun.java:292)
	at java.util.concurrent.FutureTask.run(FutureTask.java:266)
	at java.util.concurrent.ThreadPoolExecutor.runWorker(ThreadPoolExecutor.java:1149)
	at java.util.concurrent.ThreadPoolExecutor$Worker.run(ThreadPoolExecutor.java:624)
	at java.lang.Thread.run(Thread.java:748)
... Removed 16 stack frames]]>
    </failure>
  </testcase> <!-- testCase009 -->
  <testcase name="testCase010" time="0.767" classname="com.Spending.Sanity.SanityTestcaseRun">
    <failure type="java.lang.NullPointerException">
      <![CDATA[java.lang.NullPointerException
	at com.Spending.Sanity.SanityTestcaseRun.testCase010(SanityTestcaseRun.java:309)
	at java.util.concurrent.FutureTask.run(FutureTask.java:266)
	at java.util.concurrent.ThreadPoolExecutor.runWorker(ThreadPoolExecutor.java:1149)
	at java.util.concurrent.ThreadPoolExecutor$Worker.run(ThreadPoolExecutor.java:624)
	at java.lang.Thread.run(Thread.java:748)
... Removed 16 stack frames]]>
    </failure>
  </testcase> <!-- testCase010 -->
  <testcase name="testCase011" time="0.615" classname="com.Spending.Sanity.SanityTestcaseRun">
    <failure type="java.lang.NullPointerException">
      <![CDATA[java.lang.NullPointerException
	at com.Spending.Sanity.SanityTestcaseRun.testCase011(SanityTestcaseRun.java:326)
	at java.util.concurrent.FutureTask.run(FutureTask.java:266)
	at java.util.concurrent.ThreadPoolExecutor.runWorker(ThreadPoolExecutor.java:1149)
	at java.util.concurrent.ThreadPoolExecutor$Worker.run(ThreadPoolExecutor.java:624)
	at java.lang.Thread.run(Thread.java:748)
... Removed 16 stack frames]]>
    </failure>
  </testcase> <!-- testCase011 -->
  <testcase name="testCase012" time="0.456" classname="com.Spending.Sanity.SanityTestcaseRun">
    <failure type="java.lang.NullPointerException">
      <![CDATA[java.lang.NullPointerException
	at com.Spending.Sanity.SanityTestcaseRun.testCase012(SanityTestcaseRun.java:339)
	at java.util.concurrent.FutureTask.run(FutureTask.java:266)
	at java.util.concurrent.ThreadPoolExecutor.runWorker(ThreadPoolExecutor.java:1149)
	at java.util.concurrent.ThreadPoolExecutor$Worker.run(ThreadPoolExecutor.java:624)
	at java.lang.Thread.run(Thread.java:748)
... Removed 16 stack frames]]>
    </failure>
  </testcase> <!-- testCase012 -->
</testsuite> <!-- Samsung Grand -->
