<?xml version="1.0" encoding="UTF-8"?>
<!-- Generated by org.testng.reporters.JUnitXMLReporter -->
<testsuite hostname="AAGRAWA-IN-LE01" name="Samsung S6 EDGE" tests="13" failures="4" timestamp="21 Jun 2018 15:25:42 GMT" time="124.017" errors="0">
  <testcase name="PageObjectCreation" time="0.002" classname="com.Spending.Sanity.SanityTestcaseRun"/>
  <testcase name="TestCase001" time="14.555" classname="com.Spending.Sanity.SanityTestcaseRun"/>
  <testcase name="testCase002" time="10.988" classname="com.Spending.Sanity.SanityTestcaseRun"/>
  <testcase name="testCase003" time="11.452" classname="com.Spending.Sanity.SanityTestcaseRun"/>
  <testcase name="testCase004" time="11.804" classname="com.Spending.Sanity.SanityTestcaseRun"/>
  <testcase name="testCase005" time="0.308" classname="com.Spending.Sanity.SanityTestcaseRun">
    <failure type="java.lang.NullPointerException">
      <![CDATA[java.lang.NullPointerException
	at com.Spending.Sanity.SanityTestcaseRun.testCase005(SanityTestcaseRun.java:204)
	at java.util.concurrent.FutureTask.run(FutureTask.java:266)
	at java.util.concurrent.ThreadPoolExecutor.runWorker(ThreadPoolExecutor.java:1149)
	at java.util.concurrent.ThreadPoolExecutor$Worker.run(ThreadPoolExecutor.java:624)
	at java.lang.Thread.run(Thread.java:748)
... Removed 16 stack frames]]>
    </failure>
  </testcase> <!-- testCase005 -->
  <testcase name="testCase006" time="0.36" classname="com.Spending.Sanity.SanityTestcaseRun">
    <failure type="java.lang.NullPointerException">
      <![CDATA[java.lang.NullPointerException
	at com.Spending.Sanity.SanityTestcaseRun.testCase006(SanityTestcaseRun.java:226)
	at java.util.concurrent.FutureTask.run(FutureTask.java:266)
	at java.util.concurrent.ThreadPoolExecutor.runWorker(ThreadPoolExecutor.java:1149)
	at java.util.concurrent.ThreadPoolExecutor$Worker.run(ThreadPoolExecutor.java:624)
	at java.lang.Thread.run(Thread.java:748)
... Removed 16 stack frames]]>
    </failure>
  </testcase> <!-- testCase006 -->
  <testcase name="testCase007" time="0.337" classname="com.Spending.Sanity.SanityTestcaseRun">
    <failure type="java.lang.NullPointerException">
      <![CDATA[java.lang.NullPointerException
	at com.Spending.Sanity.SanityTestcaseRun.testCase007(SanityTestcaseRun.java:248)
	at java.util.concurrent.FutureTask.run(FutureTask.java:266)
	at java.util.concurrent.ThreadPoolExecutor.runWorker(ThreadPoolExecutor.java:1149)
	at java.util.concurrent.ThreadPoolExecutor$Worker.run(ThreadPoolExecutor.java:624)
	at java.lang.Thread.run(Thread.java:748)
... Removed 16 stack frames]]>
    </failure>
  </testcase> <!-- testCase007 -->
  <testcase name="testCase008" time="0.347" classname="com.Spending.Sanity.SanityTestcaseRun">
    <failure type="java.lang.NullPointerException">
      <![CDATA[java.lang.NullPointerException
	at com.Spending.Sanity.SanityTestcaseRun.testCase008(SanityTestcaseRun.java:270)
	at java.util.concurrent.FutureTask.run(FutureTask.java:266)
	at java.util.concurrent.ThreadPoolExecutor.runWorker(ThreadPoolExecutor.java:1149)
	at java.util.concurrent.ThreadPoolExecutor$Worker.run(ThreadPoolExecutor.java:624)
	at java.lang.Thread.run(Thread.java:748)
... Removed 16 stack frames]]>
    </failure>
  </testcase> <!-- testCase008 -->
  <testcase name="testCase009" time="9.64" classname="com.Spending.Sanity.SanityTestcaseRun"/>
  <testcase name="testCase010" time="9.741" classname="com.Spending.Sanity.SanityTestcaseRun"/>
  <testcase name="testCase011" time="10.393" classname="com.Spending.Sanity.SanityTestcaseRun"/>
  <testcase name="testCase012" time="10.126" classname="com.Spending.Sanity.SanityTestcaseRun"/>
</testsuite> <!-- Samsung S6 EDGE -->
