<?xml version="1.0" encoding="UTF-8"?>
<!-- Generated by org.testng.reporters.JUnitXMLReporter -->
<testsuite hostname="AAGRAWA-IN-LE01" name="sony Xperia" tests="13" failures="0" timestamp="2 Jul 2018 11:00:41 GMT" time="152.192" errors="0">
  <testcase name="PageObjectCreation" time="0.02" classname="com.Spending.Sanity.SanityTestcaseRun"/>
  <testcase name="TestCase001" time="14.68" classname="com.Spending.Sanity.SanityTestcaseRun"/>
  <testcase name="testCase002" time="10.241" classname="com.Spending.Sanity.SanityTestcaseRun"/>
  <testcase name="testCase003" time="11.184" classname="com.Spending.Sanity.SanityTestcaseRun"/>
  <testcase name="testCase004" time="11.779" classname="com.Spending.Sanity.SanityTestcaseRun"/>
  <testcase name="testCase005" time="10.833" classname="com.Spending.Sanity.SanityTestcaseRun"/>
  <testcase name="testCase006" time="10.412" classname="com.Spending.Sanity.SanityTestcaseRun"/>
  <testcase name="testCase007" time="10.499" classname="com.Spending.Sanity.SanityTestcaseRun"/>
  <testcase name="testCase008" time="10.633" classname="com.Spending.Sanity.SanityTestcaseRun"/>
  <testcase name="testCase009" time="9.003" classname="com.Spending.Sanity.SanityTestcaseRun"/>
  <testcase name="testCase010" time="8.874" classname="com.Spending.Sanity.SanityTestcaseRun"/>
  <testcase name="testCase011" time="9.655" classname="com.Spending.Sanity.SanityTestcaseRun"/>
  <testcase name="testCase012" time="9.538" classname="com.Spending.Sanity.SanityTestcaseRun"/>
</testsuite> <!-- sony Xperia -->
